[05:04:36] [ServerMain/INFO]: [bootstrap] Running Java 21 (OpenJDK 64-Bit Server VM 21.0.6+7-Ubuntu-120.04.1; Ubuntu null) on Linux 6.8.0-1021-azure (amd64)
[05:04:36] [ServerMain/INFO]: [bootstrap] Loading Paper 1.21-130-master@b1b5d4c (2024-08-10T10:02:42Z) for Minecraft 1.21
[05:04:36] [ServerMain/INFO]: [PluginInitializerManager] Initializing plugins...
[05:04:36] [ServerMain/INFO]: [PluginInitializerManager] Initialized 0 plugins
[05:04:37] [Paper Plugin Remapper Thread - 0/INFO]: [ReobfServer] Remapping server...
[05:04:42] [ServerMain/INFO]: Environment: Environment[sessionHost=https://sessionserver.mojang.com, servicesHost=https://api.minecraftservices.com, name=PROD]
[05:04:42] [ServerMain/INFO]: Found new data pack file/bukkit, loading it automatically
[05:04:42] [ServerMain/INFO]: Found new data pack paper, loading it automatically
[05:04:43] [ServerMain/INFO]: No existing world data, creating new world
[05:04:44] [ServerMain/INFO]: Loaded 1290 recipes
[05:04:45] [ServerMain/INFO]: Loaded 1399 advancements
[05:04:45] [Server thread/INFO]: Starting minecraft server version 1.21
[05:04:45] [Server thread/INFO]: Loading properties
[05:04:45] [Server thread/INFO]: This server is running Paper version 1.21-130-master@b1b5d4c (2024-08-10T10:02:42Z) (Implementing API version 1.21-R0.1-SNAPSHOT)
[05:04:45] [Paper Plugin Remapper Thread - 0/INFO]: [ReobfServer] Done remapping server in 8444ms.
[05:04:46] [Server thread/INFO]: [spark] This server bundles the spark profiler. For more information please visit https://docs.papermc.io/paper/profiling
[05:04:46] [Server thread/INFO]: Server Ping Player Sample Count: 12
[05:04:46] [Server thread/INFO]: Using 4 threads for Netty based IO
[05:04:46] [Server thread/INFO]: [ChunkTaskScheduler] Chunk system is using 1 I/O threads, 1 worker threads, and population gen parallelism of 1 threads
[05:04:47] [Server thread/INFO]: Default game type: SURVIVAL
[05:04:47] [Server thread/INFO]: Generating keypair
[05:04:47] [Server thread/INFO]: Starting Minecraft server on *:25565
[05:04:47] [Server thread/INFO]: Using epoll channel type
[05:04:47] [Server thread/INFO]: Paper: Using libdeflate (Linux x86_64) compression from Velocity.
[05:04:47] [Server thread/INFO]: Paper: Using OpenSSL 1.1.x (Linux x86_64) cipher from Velocity.
[05:04:47] [Server thread/WARN]: **** SERVER IS RUNNING IN OFFLINE/INSECURE MODE!
[05:04:47] [Server thread/WARN]: The server will make no attempt to authenticate usernames. Beware.
[05:04:47] [Server thread/WARN]: While this makes the game possible to play without internet access, it also opens up the ability for hackers to connect with any username they choose.
[05:04:47] [Server thread/WARN]: To change this, set "online-mode" to "true" in the server.properties file.
[05:04:47] [Server thread/INFO]: Preparing level "world"
[05:04:57] [Server thread/INFO]: Preparing start region for dimension minecraft:overworld
[05:05:03] [Server thread/INFO]: Time elapsed: 5740 ms
[05:05:03] [Server thread/INFO]: Preparing start region for dimension minecraft:the_nether
[05:05:04] [Server thread/INFO]: Time elapsed: 1663 ms
[05:05:04] [Server thread/INFO]: Preparing start region for dimension minecraft:the_end
[05:05:05] [Server thread/INFO]: Time elapsed: 466 ms
[05:05:05] [Server thread/INFO]: [spark] Starting background profiler...
[05:05:05] [Server thread/INFO]: Done preparing level "world" (18.162s)
[05:05:05] [Server thread/INFO]: Running delayed init tasks
[05:05:05] [Server thread/INFO]: Done (30.253s)! For help, type "help"
[05:05:05] [Server thread/INFO]: *************************************************************************************
[05:05:05] [Server thread/INFO]: This is the first time you're starting this server.
[05:05:05] [Server thread/INFO]: It's recommended you read our 'Getting Started' documentation for guidance.
[05:05:05] [Server thread/INFO]: View this and more helpful information here: https://docs.papermc.io/paper/next-steps
[05:05:05] [Server thread/INFO]: *************************************************************************************
[05:05:05] [Server thread/INFO]: Timings Reset
[05:14:10] [User Authenticator #0/INFO]: UUID of player 3L_CRACKENG is e62e1180-f0e1-3891-adf3-08b229884eff
[05:14:12] [Server thread/INFO]: 3L_CRACKENG joined the game
[05:14:12] [Server thread/INFO]: 3L_CRACKENG[/127.36.104.134:60091] logged in with entity id 31 at ([world]-98.5, 67.0, -57.5)
[05:14:20] [User Authenticator #0/INFO]: UUID of player Rhuberd is f7913364-70af-3afb-88f4-e96c4bb99722
[05:14:21] [Server thread/INFO]: Rhuberd joined the game
[05:14:21] [Server thread/INFO]: Rhuberd[/127.188.255.30:45175] logged in with entity id 112 at ([world]-95.5, 71.0, -51.5)
[05:14:23] [Async Chat Thread - #0/INFO]: [Not Secure] <3L_CRACKENG> hola mr.white
[05:15:00] [Server thread/INFO]: 3L_CRACKENG lost connection: Timed out
[05:15:00] [Server thread/INFO]: 3L_CRACKENG left the game
[05:15:28] [User Authenticator #1/INFO]: UUID of player 3L_CRACKENG is e62e1180-f0e1-3891-adf3-08b229884eff
[05:15:29] [Server thread/INFO]: 3L_CRACKENG joined the game
[05:15:29] [Server thread/INFO]: 3L_CRACKENG[/127.36.104.134:34991] logged in with entity id 568 at ([world]-112.30071459314703, 71.0, -83.63033143017536)
[05:17:04] [Server thread/INFO]: Rhuberd has made the advancement [Monster Hunter]
[05:17:41] [Server thread/INFO]: 3L_CRACKENG lost connection: Timed out
[05:17:41] [Server thread/INFO]: 3L_CRACKENG left the game
[05:18:08] [Server thread/INFO]: Rhuberd lost connection: Disconnected
[05:18:08] [Server thread/INFO]: Rhuberd left the game
